11/9/2019 8:49:02 AM	This log contains information about the import schema operation into project 'AtHomeDB' on computer 'LJ' by user 'WJ001'.
11/9/2019 8:49:03 AM	Import of database schema has started.
11/9/2019 8:49:09 AM	Gathering database credentials
11/9/2019 8:49:09 AM	Gathering database options
11/9/2019 8:49:09 AM	Gathering users
11/9/2019 8:49:09 AM	Gathering roles
11/9/2019 8:49:09 AM	Gathering application roles
11/9/2019 8:49:09 AM	Gathering role memberships
11/9/2019 8:49:09 AM	Gathering filegroups
11/9/2019 8:49:09 AM	Gathering full-text catalogs
11/9/2019 8:49:09 AM	Gathering assemblies
11/9/2019 8:49:09 AM	Gathering certificates
11/9/2019 8:49:09 AM	Gathering asymmetric keys
11/9/2019 8:49:09 AM	Gathering symmetric keys
11/9/2019 8:49:09 AM	Gathering encrypted symmetric keys
11/9/2019 8:49:09 AM	Gathering schemas
11/9/2019 8:49:09 AM	Gathering XML schema collections
11/9/2019 8:49:09 AM	Gathering user-defined data types
11/9/2019 8:49:09 AM	Gathering user-defined types
11/9/2019 8:49:09 AM	Gathering table types
11/9/2019 8:49:09 AM	Gathering unique keys for table types
11/9/2019 8:49:09 AM	Gathering primary keys for table types
11/9/2019 8:49:09 AM	Gathering indexes for table types
11/9/2019 8:49:09 AM	Gathering check constraints for table types
11/9/2019 8:49:09 AM	Gathering default constraints for table types
11/9/2019 8:49:09 AM	Gathering partition functions
11/9/2019 8:49:09 AM	Gathering partition schemes
11/9/2019 8:49:09 AM	Gathering functions
11/9/2019 8:49:09 AM	Gathering encrypted functions
11/9/2019 8:49:09 AM	Gathering aggregates
11/9/2019 8:49:09 AM	Gathering procedures
11/9/2019 8:49:09 AM	Gathering encrypted procedures
11/9/2019 8:49:09 AM	Gathering tables
11/9/2019 8:49:09 AM	Gathering primary keys
11/9/2019 8:49:09 AM	Gathering unique constraints
11/9/2019 8:49:09 AM	Gathering foreign keys
11/9/2019 8:49:09 AM	Gathering default constraints
11/9/2019 8:49:09 AM	Gathering check constraints
11/9/2019 8:49:09 AM	Gathering views
11/9/2019 8:49:09 AM	Gathering encrypted views
11/9/2019 8:49:09 AM	Gathering indexes
11/9/2019 8:49:09 AM	Gathering statistics
11/9/2019 8:49:09 AM	Gathering full-text index stoplists
11/9/2019 8:49:09 AM	Gathering search property lists
11/9/2019 8:49:09 AM	Gathering search properties
11/9/2019 8:49:09 AM	Gathering full-text indexes
11/9/2019 8:49:09 AM	Gathering column store indexes
11/9/2019 8:49:09 AM	Gathering spatial indexes
11/9/2019 8:49:09 AM	Gathering XML indexes
11/9/2019 8:49:09 AM	Gathering Selective XML indexes
11/9/2019 8:49:10 AM	Gathering encrypted triggers
11/9/2019 8:49:10 AM	Gathering triggers
11/9/2019 8:49:10 AM	Gathering encrypted and clr ddl triggers
11/9/2019 8:49:10 AM	Gathering ddl triggers
11/9/2019 8:49:10 AM	Gathering synonyms
11/9/2019 8:49:10 AM	Gathering defaults
11/9/2019 8:49:10 AM	Gathering data constraint uddt bindings
11/9/2019 8:49:10 AM	Gathering rules
11/9/2019 8:49:10 AM	Gathering data constraint uddt bindings
11/9/2019 8:49:10 AM	Gathering message types
11/9/2019 8:49:10 AM	Gathering queues
11/9/2019 8:49:10 AM	Gathering contracts
11/9/2019 8:49:10 AM	Gathering services
11/9/2019 8:49:10 AM	Gathering event notifications
11/9/2019 8:49:10 AM	Gathering remote service bindings
11/9/2019 8:49:10 AM	Gathering broker priorities
11/9/2019 8:49:10 AM	Gathering signatures
11/9/2019 8:49:10 AM	Gathering data compression options
11/9/2019 8:49:10 AM	Gathering sequence types
11/9/2019 8:49:10 AM	Gathering security policies
11/9/2019 8:49:10 AM	Gather column encryption keys
11/9/2019 8:49:10 AM	Gathering column master keys
11/9/2019 8:49:10 AM	Gathering external data sources
11/9/2019 8:49:10 AM	Gathering external file formats
11/9/2019 8:49:10 AM	Gathering external tables
11/9/2019 8:49:10 AM	Gathering extended properties
11/9/2019 8:49:10 AM	Gathering credentials
11/9/2019 8:49:10 AM	Gathering logins
11/9/2019 8:49:10 AM	Gathering server audits
11/9/2019 8:49:11 AM	Finished importing database.
11/9/2019 8:49:11 AM	A summary of the import was saved to the following location: C:\Users\stink_000.LJ\Documents\AtHome-Grocery-Store\AtHomeDB\Import Schema Logs\AtHomeDB_20191109024902.log
11/9/2019 8:49:12 AM	Click Finish to continue...
